lee@lee-900X5L:~$ roslaunch realsense2_camera rs_camera_imu.launch 
... logging to /home/lee/.ros/log/6ce116be-8cb0-11e9-8d5e-9883892f5679/roslaunch-lee-900X5L-5946.log
Checking log directory for disk usage. This may take awhile.
Press Ctrl-C to interrupt
Done checking log file disk usage. Usage is <1GB.

started roslaunch server http://lee-900X5L:34236/

SUMMARY
========

PARAMETERS
 * /camera/realsense2_camera/accel_fps: 250
 * /camera/realsense2_camera/accel_frame_id: camera_accel_frame
 * /camera/realsense2_camera/accel_optical_frame_id: camera_accel_opti...
 * /camera/realsense2_camera/align_depth: False
 * /camera/realsense2_camera/aligned_depth_to_color_frame_id: camera_aligned_de...
 * /camera/realsense2_camera/aligned_depth_to_fisheye1_frame_id: camera_aligned_de...
 * /camera/realsense2_camera/aligned_depth_to_fisheye2_frame_id: camera_aligned_de...
 * /camera/realsense2_camera/aligned_depth_to_fisheye_frame_id: camera_aligned_de...
 * /camera/realsense2_camera/aligned_depth_to_infra1_frame_id: camera_aligned_de...
 * /camera/realsense2_camera/aligned_depth_to_infra2_frame_id: camera_aligned_de...
 * /camera/realsense2_camera/base_frame_id: camera_link
 * /camera/realsense2_camera/calib_odom_file: 
 * /camera/realsense2_camera/clip_distance: -2.0
 * /camera/realsense2_camera/color_fps: 30
 * /camera/realsense2_camera/color_frame_id: camera_color_frame
 * /camera/realsense2_camera/color_height: 480
 * /camera/realsense2_camera/color_optical_frame_id: camera_color_opti...
 * /camera/realsense2_camera/color_width: 640
 * /camera/realsense2_camera/depth_fps: 30
 * /camera/realsense2_camera/depth_frame_id: camera_depth_frame
 * /camera/realsense2_camera/depth_height: 480
 * /camera/realsense2_camera/depth_optical_frame_id: camera_depth_opti...
 * /camera/realsense2_camera/depth_width: 640
 * /camera/realsense2_camera/enable_accel: True
 * /camera/realsense2_camera/enable_color: True
 * /camera/realsense2_camera/enable_depth: True
 * /camera/realsense2_camera/enable_fisheye1: True
 * /camera/realsense2_camera/enable_fisheye2: True
 * /camera/realsense2_camera/enable_fisheye: True
 * /camera/realsense2_camera/enable_gyro: True
 * /camera/realsense2_camera/enable_infra1: True
 * /camera/realsense2_camera/enable_infra2: True
 * /camera/realsense2_camera/enable_pointcloud: False
 * /camera/realsense2_camera/enable_sync: False
 * /camera/realsense2_camera/filters: 
 * /camera/realsense2_camera/fisheye1_frame_id: camera_fisheye1_f...
 * /camera/realsense2_camera/fisheye1_optical_frame_id: camera_fisheye1_o...
 * /camera/realsense2_camera/fisheye2_frame_id: camera_fisheye2_f...
 * /camera/realsense2_camera/fisheye2_optical_frame_id: camera_fisheye2_o...
 * /camera/realsense2_camera/fisheye_fps: 30
 * /camera/realsense2_camera/fisheye_frame_id: camera_fisheye_frame
 * /camera/realsense2_camera/fisheye_height: 480
 * /camera/realsense2_camera/fisheye_optical_frame_id: camera_fisheye_op...
 * /camera/realsense2_camera/fisheye_width: 640
 * /camera/realsense2_camera/gyro_fps: 400
 * /camera/realsense2_camera/gyro_frame_id: camera_gyro_frame
 * /camera/realsense2_camera/gyro_optical_frame_id: camera_gyro_optic...
 * /camera/realsense2_camera/infra1_frame_id: camera_infra1_frame
 * /camera/realsense2_camera/infra1_optical_frame_id: camera_infra1_opt...
 * /camera/realsense2_camera/infra2_frame_id: camera_infra2_frame
 * /camera/realsense2_camera/infra2_optical_frame_id: camera_infra2_opt...
 * /camera/realsense2_camera/infra_fps: 30
 * /camera/realsense2_camera/infra_height: 480
 * /camera/realsense2_camera/infra_width: 640
 * /camera/realsense2_camera/initial_reset: False
 * /camera/realsense2_camera/json_file_path: 
 * /camera/realsense2_camera/linear_accel_cov: 0.01
 * /camera/realsense2_camera/odom_frame_id: camera_odom_frame
 * /camera/realsense2_camera/pointcloud_texture_index: 0
 * /camera/realsense2_camera/pointcloud_texture_stream: RS2_STREAM_COLOR
 * /camera/realsense2_camera/pose_frame_id: camera_pose_frame
 * /camera/realsense2_camera/pose_optical_frame_id: camera_pose_optic...
 * /camera/realsense2_camera/publish_odom_tf: True
 * /camera/realsense2_camera/rosbag_filename: 
 * /camera/realsense2_camera/serial_no: 
 * /camera/realsense2_camera/topic_odom_in: odom_in
 * /camera/realsense2_camera/unite_imu_method: linear_interpolation
 * /rosdistro: kinetic
 * /rosversion: 1.12.14

NODES
  /camera/
    realsense2_camera (nodelet/nodelet)
    realsense2_camera_manager (nodelet/nodelet)

auto-starting new master
process[master]: started with pid [5956]
ROS_MASTER_URI=http://localhost:11311

setting /run_id to 6ce116be-8cb0-11e9-8d5e-9883892f5679
process[rosout-1]: started with pid [5969]
started core service [/rosout]
process[camera/realsense2_camera_manager-2]: started with pid [5984]
process[camera/realsense2_camera-3]: started with pid [5987]
[ INFO] [1560302498.909141278]: Initializing nodelet with 4 worker threads.
[ INFO] [1560302498.955071332]: RealSense ROS v2.2.3
[ INFO] [1560302498.955158254]: Running with LibRealSense v2.20.0
 12/06 10:21:39,645 WARNING [139725364115328] (types.cpp:59) hwmon command 0x4f failed. Error type: No data to return (-21).
[ INFO] [1560302499.647596873]: getParameters...
[ INFO] [1560302499.736100310]: setupDevice...
[ INFO] [1560302499.736134778]: JSON file is not provided
[ INFO] [1560302499.736153890]: ROS Node Namespace: camera
[ INFO] [1560302499.736173846]: Device Name: Intel RealSense D435I
[ INFO] [1560302499.736188937]: Device Serial No: 838212072041
[ INFO] [1560302499.736201419]: Device FW version: 05.11.06.200
255.255.255.255
[ INFO] [1560302499.736215070]: Device Product ID: 0x0B3A
[ INFO] [1560302499.736227631]: Enable PointCloud: Off
[ INFO] [1560302499.736239643]: Align Depth: Off
[ INFO] [1560302499.736251775]: Sync Mode: Off
[ INFO] [1560302499.736294626]: Device Sensors: 
[ INFO] [1560302499.736337430]: Stereo Module was found.
[ INFO] [1560302499.736356826]: RGB Camera was found.
[ INFO] [1560302499.736371071]: Motion Module was found.
[ INFO] [1560302499.736397427]: (Fisheye, 0) sensor isn't supported by current device! -- Skipping...
[ INFO] [1560302499.736410660]: (Fisheye, 1) sensor isn't supported by current device! -- Skipping...
[ INFO] [1560302499.736424177]: (Fisheye, 2) sensor isn't supported by current device! -- Skipping...
[ INFO] [1560302499.736441947]: (Pose, 0) sensor isn't supported by current device! -- Skipping...
[ INFO] [1560302499.743309501]: setupPublishers...
[ INFO] [1560302499.746417829]: Expected frequency for depth = 30.00000
[ INFO] [1560302499.751466938]: Expected frequency for infra1 = 30.00000
[ INFO] [1560302499.753983470]: Expected frequency for infra2 = 30.00000
[ INFO] [1560302499.756444087]: Expected frequency for color = 30.00000
[ INFO] [1560302499.758654156]: Start publisher IMU
[ INFO] [1560302499.764341737]: setupStreams...
 12/06 10:21:39,765 WARNING [139725364115328] (sensor.cpp:366) Unregistered Media formats : [ UYVY ]; Supported: [ ]
[ INFO] [1560302499.767180457]: depth stream is enabled - width: 640, height: 480, fps: 30
[ INFO] [1560302499.770107749]: infra1 stream is enabled - width: 640, height: 480, fps: 30
[ INFO] [1560302499.770301381]: infra2 stream is enabled - width: 640, height: 480, fps: 30
 12/06 10:21:39,770 WARNING [139725364115328] (backend-v4l2.cpp:1248) Pixel format 36315752-1a66-a242-9065-d01814a likely requires patch for fourcc code RW16!
 12/06 10:21:39,770 WARNING [139725364115328] (sensor.cpp:366) Unregistered Media formats : [ RW16 ]; Supported: [ ]
[ INFO] [1560302499.773840613]: color stream is enabled - width: 640, height: 480, fps: 30
[ INFO] [1560302499.825041033]: insert Depth to Stereo Module
[ INFO] [1560302499.825189636]: insert Color to RGB Camera
[ INFO] [1560302499.825241651]: insert Infrared to Stereo Module
[ INFO] [1560302499.825286108]: insert Infrared to Stereo Module
[ INFO] [1560302499.825330583]: insert Gyro to Motion Module
[ INFO] [1560302499.825375706]: insert Accel to Motion Module
 12/06 10:21:39,919 WARNING [139724597483264] (ds5-timestamp.cpp:181) HID timestamp not found! please apply HID patch.
[ WARN] [1560302499.919356415]: Frame metadata isn't available! (frame_timestamp_domain = RS2_TIMESTAMP_DOMAIN_SYSTEM_TIME)
[ INFO] [1560302499.943466837]: num_filters: 0
[ INFO] [1560302499.943508657]: SELECTED BASE:Depth, 0
[ INFO] [1560302499.944147632]: RealSense Node Is Up!
[ INFO] [1560302499.944169405]: Setting Dynamic reconfig parameters.
 12/06 10:21:40,004 WARNING [139724563912448] (ds5-timestamp.cpp:64) UVC metadata payloads not available. Please refer to installation chapter for details.
 12/06 10:21:40,075 WARNING [139724709172992] (ds5-timestamp.cpp:64) UVC metadata payloads not available. Please refer to installation chapter for details.
[ INFO] [1560302500.126350013]: Done Setting Dynamic reconfig parameters.
[ INFO] [1560302858.930162822]: accel_factor set to: 0.986459
